1533730947702	geckodriver	INFO	geckodriver 0.18.0
1533730947729	geckodriver	INFO	Listening on 127.0.0.1:60070
1533730950892	geckodriver::marionette	INFO	Starting browser C:\Program Files\Mozilla Firefox\firefox.exe with args ["-marionette"]
Unable to read VR Path Registry from C:\Users\Kevin\AppData\Local\openvr\openvrpaths.vrpath
1533730952390	Marionette	INFO	Enabled via --marionette
Unable to read VR Path Registry from C:\Users\Kevin\AppData\Local\openvr\openvrpaths.vrpath
Unable to read VR Path Registry from C:\Users\Kevin\AppData\Local\openvr\openvrpaths.vrpath
Unable to read VR Path Registry from C:\Users\Kevin\AppData\Local\openvr\openvrpaths.vrpath
1533730953988	Marionette	INFO	Listening on port 60078
Unable to read VR Path Registry from C:\Users\Kevin\AppData\Local\openvr\openvrpaths.vrpath
1533730954156	Marionette	WARN	TLS certificate errors will be ignored for this session
[Parent 14648, Gecko_IOThread] WARNING: pipe error: 109: file z:/build/build/src/ipc/chromium/src/chrome/common/ipc_channel_win.cc, line 346
[Parent 14648, Gecko_IOThread] WARNING: pipe error: 109: file z:/build/build/src/ipc/chromium/src/chrome/common/ipc_channel_win.cc, line 346
[Child 10860, Chrome_ChildThread] WARNING: pipe error: 109: file z:/build/build/src/ipc/chromium/src/chrome/common/ipc_channel_win.cc, line 346
[Child[Parent 14648, Gecko_IOThread] WARNING: pipe error: 109: file z:/build/build/src/ipc/chromium/src/chrome/common/ipc_channel_win.cc, line 346
[Child 17656, Chrome_ChildThread] WARNING: pipe error: 109: file z:/build/build/src/ipc/chromium/src/chrome/common/ipc_channel_win.cc, line 346
[Child 1*** UTM:SVC TimerManager:registerTimer called after profile-before-change notification. Ignoring timer registration for id: telemetry_modules_ping

###!!! [Child][MessageChannel::SendAndWait] Error: Channel error: cannot send/recv

1533731177348	geckodriver	INFO	geckodriver 0.18.0
1533731177357	geckodriver	INFO	Listening on 127.0.0.1:60145
1533731180485	geckodriver::marionette	INFO	Starting browser C:\Program Files\Mozilla Firefox\firefox.exe with args ["-marionette"]
Unable to read VR Path Registry from C:\Users\Kevin\AppData\Local\openvr\openvrpaths.vrpath
1533731181655	Marionette	INFO	Enabled via --marionette
Unable to read VR Path Registry from C:\Users\Kevin\AppData\Local\openvr\openvrpaths.vrpath
Unable to read VR Path Registry from C:\Users\Kevin\AppData\Local\openvr\openvrpaths.vrpath
Unable to read VR Path Registry from C:\Users\Kevin\AppData\Local\openvr\openvrpaths.vrpath
1533731183189	Marionette	INFO	Listening on port 60153
Unable to read VR Path Registry from C:\Users\Kevin\AppData\Local\openvr\openvrpaths.vrpath
1533731183664	Marionette	WARN	TLS certificate errors will be ignored for this session
[Parent 2968, Gecko_IOThread] WARNING: pipe error: 109: file z:/build/build/src/ipc/chromium/src/chrome/common/ipc_channel_win.cc, line 346
[Parent 2968, Gecko_IOThread] WARNING: pipe error: 109: file z:/build/build/src/ipc/chromium/src/chrome/common/ipc_channel_win.cc, line 346
[Child 12200, Chrome_ChildThread] WARNING: pipe error: 109: file z:/build/build/src/ipc/chromium/src/chrome/common/ipc_channel_win.cc, line 346
[Child*** UTM:SVC TimerManager:registerTimer called after profile-before-change notification. Ignoring timer registration for id: telemetry_modules_ping

###!!! [Child][MessageChannel::SendAndWait] Error: Channel error: cannot send/recv

1533731230583	geckodriver	INFO	geckodriver 0.18.0
1533731230591	geckodriver	INFO	Listening on 127.0.0.1:60184
1533731233767	geckodriver::marionette	INFO	Starting browser C:\Program Files\Mozilla Firefox\firefox.exe with args ["-marionette"]
Unable to read VR Path Registry from C:\Users\Kevin\AppData\Local\openvr\openvrpaths.vrpath
1533731235150	Marionette	INFO	Enabled via --marionette
Unable to read VR Path Registry from C:\Users\Kevin\AppData\Local\openvr\openvrpaths.vrpath
Unable to read VR Path Registry from C:\Users\Kevin\AppData\Local\openvr\openvrpaths.vrpath
Unable to read VR Path Registry from C:\Users\Kevin\AppData\Local\openvr\openvrpaths.vrpath
1533731236761	Marionette	INFO	Listening on port 60192
1533731236949	Marionette	WARN	TLS certificate errors will be ignored for this session
Unable to read VR Path Registry from C:\Users\Kevin\AppData\Local\openvr\openvrpaths.vrpath
[Parent 240, Gecko_IOThread] WARNING: pipe error: 109: file z:/build/build/src/ipc/chromium/src/chrome/common/ipc_channel_win.cc, line 346
[Child 13180, Chrome_ChildThread] WARNING: pipe error: 109: file z:/build/build/src/ipc/chromium/src/chrome/common/ipc_channel_win.cc, line 346
[Chil[Child 17220, Chrome_ChildThread] WARNING: pipe error: 109: file z:/build/build/src/ipc/chromium/src/chrome/common/ipc_channel_win.cc, line 346
[Child *** UTM:SVC TimerManager:registerTimer called after profile-before-change notification. Ignoring timer registration for id: telemetry_modules_ping

###!!! [Child][MessageChannel::SendAndWait] Error: Channel error: cannot send/recv

1533731287975	geckodriver	INFO	geckodriver 0.18.0
1533731287984	geckodriver	INFO	Listening on 127.0.0.1:60227
1533731291112	geckodriver::marionette	INFO	Starting browser C:\Program Files\Mozilla Firefox\firefox.exe with args ["-marionette"]
Unable to read VR Path Registry from C:\Users\Kevin\AppData\Local\openvr\openvrpaths.vrpath
1533731292528	Marionette	INFO	Enabled via --marionette
Unable to read VR Path Registry from C:\Users\Kevin\AppData\Local\openvr\openvrpaths.vrpath
Unable to read VR Path Registry from C:\Users\Kevin\AppData\Local\openvr\openvrpaths.vrpath
Unable to read VR Path Registry from C:\Users\Kevin\AppData\Local\openvr\openvrpaths.vrpath
1533731294047	Marionette	INFO	Listening on port 60235
Unable to read VR Path Registry from C:\Users\Kevin\AppData\Local\openvr\openvrpaths.vrpath
1533731294305	Marionette	WARN	TLS certificate errors will be ignored for this session
[Child 14364, Chrome_ChildThread] WARNING: pipe error: 109: file z:/build/build/src/ipc/chromium/src/chrome/common/ipc_channel_win.cc, line 346
[Child*** UTM:SVC TimerManager:registerTimer called after profile-before-change notification. Ignoring timer registration for id: telemetry_modules_ping

###!!! [Child][MessageChannel::SendAndWait] Error: Channel error: cannot send/recv

1533731380026	geckodriver	INFO	geckodriver 0.18.0
1533731380035	geckodriver	INFO	Listening on 127.0.0.1:60270
1533731383149	geckodriver::marionette	INFO	Starting browser C:\Program Files\Mozilla Firefox\firefox.exe with args ["-marionette"]
Unable to read VR Path Registry from C:\Users\Kevin\AppData\Local\openvr\openvrpaths.vrpath
1533731384461	Marionette	INFO	Enabled via --marionette
Unable to read VR Path Registry from C:\Users\Kevin\AppData\Local\openvr\openvrpaths.vrpath
Unable to read VR Path Registry from C:\Users\Kevin\AppData\Local\openvr\openvrpaths.vrpath
Unable to read VR Path Registry from C:\Users\Kevin\AppData\Local\openvr\openvrpaths.vrpath
1533731386012	Marionette	INFO	Listening on port 60278
Unable to read VR Path Registry from C:\Users\Kevin\AppData\Local\openvr\openvrpaths.vrpath
1533731386329	Marionette	WARN	TLS certificate errors will be ignored for this session
[Parent 5024, Gecko_IOThread] WARNING: pipe error: 109: file z:/build/build/src/ipc/chromium/src/chrome/common/ipc_channel_win.cc, line 346
[Child 15500, Chrome_ChildThread] WARNING: pipe error: 109: file z:/build/build/src/ipc/chromium/src/chrome/common/ipc_channel_win.cc, line 346
[C[Child 1hild 7968, Chrome_ChildThread] WARNING: pipe error: 109: file z:/build/build/src/ipc/chromium/src/chrome/common/ipc_channel_win.cc, line 346
[Child 7
###!!! [Child][MessageChannel::SendAndWait] Error: Channel error: cannot send/recv

1533733841352	geckodriver	INFO	geckodriver 0.18.0
1533733841361	geckodriver	INFO	Listening on 127.0.0.1:60595
1533733844548	geckodriver::marionette	INFO	Starting browser C:\Program Files\Mozilla Firefox\firefox.exe with args ["-marionette"]
Unable to read VR Path Registry from C:\Users\Kevin\AppData\Local\openvr\openvrpaths.vrpath
1533733845912	Marionette	INFO	Enabled via --marionette
Unable to read VR Path Registry from C:\Users\Kevin\AppData\Local\openvr\openvrpaths.vrpath
Unable to read VR Path Registry from C:\Users\Kevin\AppData\Local\openvr\openvrpaths.vrpath
Unable to read VR Path Registry from C:\Users\Kevin\AppData\Local\openvr\openvrpaths.vrpath
1533733847452	Marionette	INFO	Listening on port 60603
Unable to read VR Path Registry from C:\Users\Kevin\AppData\Local\openvr\openvrpaths.vrpath
1533733847727	Marionette	WARN	TLS certificate errors will be ignored for this session
[Child 4368, Chrome_ChildThread] WARNING: pipe error: 109: file z:/build/build/src/ipc/chromium/src/chrome/common/ipc_channel_win.cc, line 346
[Child
###!!! [Child][MessageChannel::SendAndWait] Error: Channel error: cannot send/recv

"]
Unable to read VR Path Registry from C:\Users\Kevin\AppData\Local\openvr\openvrpaths.vrpath
1533733959555	Marionette	INFO	Enabled via --marionette
Unable to read VR Path Registry from C:\Users\Kevin\AppData\Local\openvr\openvrpaths.vrpath
Unable to read VR Path Registry from C:\Users\Kevin\AppData\Local\openvr\openvrpaths.vrpath
Unable to read VR Path Registry from C:\Users\Kevin\AppData\Local\openvr\openvrpaths.vrpath
1533733961323	Marionette	INFO	Listening on port 60652
1533733961367	Marionette	WARN	TLS certificate errors will be ignored for this session
Unable to read VR Path Registry from C:\Users\Kevin\AppData\Local\openvr\openvrpaths.vrpath
[Child 15016, Chrome_ChildThread] WARNING: pipe error: 109: file z:/build/build/src/ipc/chromium/src/chrome/common/ipc_channel_win.cc, line 346
[Child [Parent 3840, Gecko_IOThread] WARNING: pipe error: 109: file z:/build/build/src/ipc/chromium/src/chrome/common/ipc_channel_win.cc, line 346
[Child 19152, Chrome_ChildThread] WARNING: pipe error: 109: file z:/build/build/src/ipc/chromium/src/chrome/common/ipc_channel_win.cc, line 346
[Child *** UTM:SVC TimerManager:registerTimer called after profile-before-change notification. Ignoring timer registration for id: telemetry_modules_ping

###!!! [Child][MessageChannel::SendAndWait] Error: Channel error: cannot send/recv

1533735472871	geckodriver	INFO	geckodriver 0.18.0
1533735472880	geckodriver	INFO	Listening on 127.0.0.1:60828
1533735476092	geckodriver::marionette	INFO	Starting browser C:\Program Files\Mozilla Firefox\firefox.exe with args ["-marionette"]
Unable to read VR Path Registry from C:\Users\Kevin\AppData\Local\openvr\openvrpaths.vrpath
1533735477465	Marionette	INFO	Enabled via --marionette
Unable to read VR Path Registry from C:\Users\Kevin\AppData\Local\openvr\openvrpaths.vrpath
Unable to read VR Path Registry from C:\Users\Kevin\AppData\Local\openvr\openvrpaths.vrpath
Unable to read VR Path Registry from C:\Users\Kevin\AppData\Local\openvr\openvrpaths.vrpath
1533735479124	Marionette	INFO	Listening on port 60836
Unable to read VR Path Registry from C:\Users\Kevin\AppData\Local\openvr\openvrpaths.vrpath
1533735479281	Marionette	WARN	TLS certificate errors will be ignored for this session
1533735479732	addons.xpi	WARN	Exception running bootstrap method shutdown on activity-stream@mozilla.org: [Exception... "Component returned failure code: 0x80004005 (NS_ERROR_FAILURE) [nsIObserverService.removeObserver]"  nsresult: "0x80004005 (NS_ERROR_FAILURE)"  location: "JS frame :: resource://activity-stream/lib/SnippetsFeed.jsm :: uninit :: line 125"  data: no] Stack trace: uninit()@resource://activity-stream/lib/SnippetsFeed.jsm:125 < onAction()@resource://activity-stream/lib/SnippetsFeed.jsm:141 < _middleware/</<()@resource://activity-stream/lib/Store.jsm:51 < Store/this[method]()@resource://activity-stream/lib/Store.jsm:30 < uninit()@resource://activity-stream/lib/Store.jsm:153 < uninit()@resource://activity-stream/lib/ActivityStream.jsm:278 < uninit()@resource://gre/modules/addons/XPIProvider.jsm -> jar:file:///C:/Program%20Files/Mozilla%20Firefox/browser/features/activity-stream@mozilla.org.xpi!/bootstrap.js:80 < shutdown()@resource://gre/modules/addons/XPIProvider.jsm -> jar:file:///C:/Program%20Files/Mozilla%20Firefox/browser/features/activity-stream@mozilla.org.xpi!/bootstrap.js:196 < callBootstrapMethod()@resource://gre/modules/addons/XPIProvider.jsm:4406 < observe()@resource://gre/modules/addons/XPIProvider.jsm:2270 < GeckoDriver.prototype.quit()@driver.js:3381 < despatch()@server.js:560 < execute()@server.js:534 < onPacket/<()@server.js:509 < onPacket()@server.js:508 < _onJSONObjectReady/<()@transport.js:500
1533828107592	geckodriver	INFO	geckodriver 0.18.0
1533828107601	geckodriver	INFO	Listening on 127.0.0.1:63903
1533828110783	geckodriver::marionette	INFO	Starting browser C:\Program Files\Mozilla Firefox\firefox.exe with args ["-marionette"]
Unable to read VR Path Registry from C:\Users\Kevin\AppData\Local\openvr\openvrpaths.vrpath
1533828112220	Marionette	INFO	Enabled via --marionette
Unable to read VR Path Registry from C:\Users\Kevin\AppData\Local\openvr\openvrpaths.vrpath
Unable to read VR Path Registry from C:\Users\Kevin\AppData\Local\openvr\openvrpaths.vrpath
Unable to read VR Path Registry from C:\Users\Kevin\AppData\Local\openvr\openvrpaths.vrpath
Unable to read VR Path Registry from C:\Users\Kevin\AppData\Local\openvr\openvrpaths.vrpath
1533828113953	Marionette	INFO	Listening on port 63911
1533828113981	Marionette	WARN	TLS certificate errors will be ignored for this session
1533828114521	addons.xpi	WARN	Exception running bootstrap method shutdown on activity-stream@mozilla.org: [Exception... "Component returned failure code: 0x80004005 (NS_ERROR_FAILURE) [nsIObserverService.removeObserver]"  nsresult: "0x80004005 (NS_ERROR_FAILURE)"  location: "JS frame :: resource://activity-stream/lib/SnippetsFeed.jsm :: uninit :: line 125"  data: no] Stack trace: uninit()@resource://activity-stream/lib/SnippetsFeed.jsm:125 < onAction()@resource://activity-stream/lib/SnippetsFeed.jsm:141 < _middleware/</<()@resource://activity-stream/lib/Store.jsm:51 < Store/this[method]()@resource://activity-stream/lib/Store.jsm:30 < uninit()@resource://activity-stream/lib/Store.jsm:153 < uninit()@resource://activity-stream/lib/ActivityStream.jsm:278 < uninit()@resource://gre/modules/addons/XPIProvider.jsm -> jar:file:///C:/Program%20Files/Mozilla%20Firefox/browser/features/activity-stream@mozilla.org.xpi!/bootstrap.js:80 < shutdown()@resource://gre/modules/addons/XPIProvider.jsm -> jar:file:///C:/Program%20Files/Mozilla%20Firefox/browser/features/activity-stream@mozilla.org.xpi!/bootstrap.js:196 < callBootstrapMethod()@resource://gre/modules/addons/XPIProvider.jsm:4406 < observe()@resource://gre/modules/addons/XPIProvider.jsm:2270 < GeckoDriver.prototype.quit()@driver.js:3381 < despatch()@server.js:560 < execute()@server.js:534 < onPacket/<()@server.js:509 < onPacket()@server.js:508 < _onJSONObjectReady/<()@transport.js:500
1533831068893	geckodriver	INFO	geckodriver 0.18.0
1533831068902	geckodriver	INFO	Listening on 127.0.0.1:64225
1533831072042	geckodriver::marionette	INFO	Starting browser C:\Program Files\Mozilla Firefox\firefox.exe with args ["-marionette"]
Unable to read VR Path Registry from C:\Users\Kevin\AppData\Local\openvr\openvrpaths.vrpath
1533831073234	Marionette	INFO	Enabled via --marionette
Unable to read VR Path Registry from C:\Users\Kevin\AppData\Local\openvr\openvrpaths.vrpath
Unable to read VR Path Registry from C:\Users\Kevin\AppData\Local\openvr\openvrpaths.vrpath
Unable to read VR Path Registry from C:\Users\Kevin\AppData\Local\openvr\openvrpaths.vrpath
Unable to read VR Path Registry from C:\Users\Kevin\AppData\Local\openvr\openvrpaths.vrpath
1533831074945	Marionette	INFO	Listening on port 64233
1533831075229	Marionette	WARN	TLS certificate errors will be ignored for this session
1533831075671	addons.xpi	WARN	Exception running bootstrap method shutdown on activity-stream@mozilla.org: [Exception... "Component returned failure code: 0x80004005 (NS_ERROR_FAILURE) [nsIObserverService.removeObserver]"  nsresult: "0x80004005 (NS_ERROR_FAILURE)"  location: "JS frame :: resource://activity-stream/lib/SnippetsFeed.jsm :: uninit :: line 125"  data: no] Stack trace: uninit()@resource://activity-stream/lib/SnippetsFeed.jsm:125 < onAction()@resource://activity-stream/lib/SnippetsFeed.jsm:141 < _middleware/</<()@resource://activity-stream/lib/Store.jsm:51 < Store/this[method]()@resource://activity-stream/lib/Store.jsm:30 < uninit()@resource://activity-stream/lib/Store.jsm:153 < uninit()@resource://activity-stream/lib/ActivityStream.jsm:278 < uninit()@resource://gre/modules/addons/XPIProvider.jsm -> jar:file:///C:/Program%20Files/Mozilla%20Firefox/browser/features/activity-stream@mozilla.org.xpi!/bootstrap.js:80 < shutdown()@resource://gre/modules/addons/XPIProvider.jsm -> jar:file:///C:/Program%20Files/Mozilla%20Firefox/browser/features/activity-stream@mozilla.org.xpi!/bootstrap.js:196 < callBootstrapMethod()@resource://gre/modules/addons/XPIProvider.jsm:4406 < observe()@resource://gre/modules/addons/XPIProvider.jsm:2270 < GeckoDriver.prototype.quit()@driver.js:3381 < despatch()@server.js:560 < execute()@server.js:534 < onPacket/<()@server.js:509 < onPacket()@server.js:508 < _onJSONObjectReady/<()@transport.js:500
[Parent 12596, Gecko_IOThread] WARNING: pipe error: 109: file z:/build/build/src/ipc/chromium/src/chrome/common/ipc_channel_win.cc, line 346
1533832618803	geckodriver	INFO	geckodriver 0.18.0
1533832618811	geckodriver	INFO	Listening on 127.0.0.1:64418
1533832621942	geckodriver::marionette	INFO	Starting browser C:\Program Files\Mozilla Firefox\firefox.exe with args ["-marionette"]
Unable to read VR Path Registry from C:\Users\Kevin\AppData\Local\openvr\openvrpaths.vrpath
1533832623113	Marionette	INFO	Enabled via --marionette
Unable to read VR Path Registry from C:\Users\Kevin\AppData\Local\openvr\openvrpaths.vrpath
Unable to read VR Path Registry from C:\Users\Kevin\AppData\Local\openvr\openvrpaths.vrpath
Unable to read VR Path Registry from C:\Users\Kevin\AppData\Local\openvr\openvrpaths.vrpath
1533832624637	Marionette	INFO	Listening on port 64428
Unable to read VR Path Registry from C:\Users\Kevin\AppData\Local\openvr\openvrpaths.vrpath
1533832625127	Marionette	WARN	TLS certificate errors will be ignored for this session
[GFX1-]: Receive IPC close with reason=AbnormalShutdown
[GFX1-]: Receive IPC close with reason=AbnormalShutdown
1533835048371	geckodriver	INFO	geckodriver 0.18.0
1533835048380	geckodriver	INFO	Listening on 127.0.0.1:64619
1533835051545	geckodriver::marionette	INFO	Starting browser C:\Program Files\Mozilla Firefox\firefox.exe with args ["-marionette"]
Unable to read VR Path Registry from C:\Users\Kevin\AppData\Local\openvr\openvrpaths.vrpath
1533835052727	Marionette	INFO	Enabled via --marionette
Unable to read VR Path Registry from C:\Users\Kevin\AppData\Local\openvr\openvrpaths.vrpath
Unable to read VR Path Registry from C:\Users\Kevin\AppData\Local\openvr\openvrpaths.vrpath
Unable to read VR Path Registry from C:\Users\Kevin\AppData\Local\openvr\openvrpaths.vrpath
Unable to read VR Path Registry from C:\Users\Kevin\AppData\Local\openvr\openvrpaths.vrpath
1533835054375	Marionette	INFO	Listening on port 64627
1533835054731	Marionette	WARN	TLS certificate errors will be ignored for this session
[GFX1-]: Receive IPC close with reason=AbnormalShutdown
[GFX1-]: Receive IPC close with reason=AbnormalShutdown
1533835175660	geckodriver	INFO	geckodriver 0.18.0
1533835175669	geckodriver	INFO	Listening on 127.0.0.1:64662
1533835178794	geckodriver::marionette	INFO	Starting browser C:\Program Files\Mozilla Firefox\firefox.exe with args ["-marionette"]
Unable to read VR Path Registry from C:\Users\Kevin\AppData\Local\openvr\openvrpaths.vrpath
1533835179966	Marionette	INFO	Enabled via --marionette
Unable to read VR Path Registry from C:\Users\Kevin\AppData\Local\openvr\openvrpaths.vrpath
Unable to read VR Path Registry from C:\Users\Kevin\AppData\Local\openvr\openvrpaths.vrpath
Unable to read VR Path Registry from C:\Users\Kevin\AppData\Local\openvr\openvrpaths.vrpath
Unable to read VR Path Registry from C:\Users\Kevin\AppData\Local\openvr\openvrpaths.vrpath
1533835181632	Marionette	INFO	Listening on port 64672
1533835181980	Marionette	WARN	TLS certificate errors will be ignored for this session
[GFX1-]: Receive IPC close with reason=AbnormalShutdown
1533835215504	geckodriver	INFO	geckodriver 0.18.0
1533835215512	geckodriver	INFO	Listening on 127.0.0.1:64707
1533835218676	geckodriver::marionette	INFO	Starting browser C:\Program Files\Mozilla Firefox\firefox.exe with args ["-marionette"]
Unable to read VR Path Registry from C:\Users\Kevin\AppData\Local\openvr\openvrpaths.vrpath
1533835219814	Marionette	INFO	Enabled via --marionette
Unable to read VR Path Registry from C:\Users\Kevin\AppData\Local\openvr\openvrpaths.vrpath
Unable to read VR Path Registry from C:\Users\Kevin\AppData\Local\openvr\openvrpaths.vrpath
Unable to read VR Path Registry from C:\Users\Kevin\AppData\Local\openvr\openvrpaths.vrpath
1533835221268	Marionette	INFO	Listening on port 64715
Unable to read VR Path Registry from C:\Users\Kevin\AppData\Local\openvr\openvrpaths.vrpath
1533835221856	Marionette	WARN	TLS certificate errors will be ignored for this session
1533835254616	geckodriver	INFO	geckodriver 0.18.0
1533835254625	geckodriver	INFO	Listening on 127.0.0.1:64746
1533835257798	geckodriver::marionette	INFO	Starting browser C:\Program Files\Mozilla Firefox\firefox.exe with args ["-marionette"]
Unable to read VR Path Registry from C:\Users\Kevin\AppData\Local\openvr\openvrpaths.vrpath
1533835259017	Marionette	INFO	Enabled via --marionette
Unable to read VR Path Registry from C:\Users\Kevin\AppData\Local\openvr\openvrpaths.vrpath
Unable to read VR Path Registry from C:\Users\Kevin\AppData\Local\openvr\openvrpaths.vrpath
Unable to read VR Path Registry from C:\Users\Kevin\AppData\Local\openvr\openvrpaths.vrpath
1533835261225	Marionette	INFO	Listening on port 64754
Unable to read VR Path Registry from C:\Users\Kevin\AppData\Local\openvr\openvrpaths.vrpath
1533835261483	Marionette	WARN	TLS certificate errors will be ignored for this session
1533835366828	geckodriver	INFO	geckodriver 0.18.0
1533835366837	geckodriver	INFO	Listening on 127.0.0.1:64790
1533835369993	geckodriver::marionette	INFO	Starting browser C:\Program Files\Mozilla Firefox\firefox.exe with args ["-marionette"]
Unable to read VR Path Registry from C:\Users\Kevin\AppData\Local\openvr\openvrpaths.vrpath
1533835371165	Marionette	INFO	Enabled via --marionette
Unable to read VR Path Registry from C:\Users\Kevin\AppData\Local\openvr\openvrpaths.vrpath
Unable to read VR Path Registry from C:\Users\Kevin\AppData\Local\openvr\openvrpaths.vrpath
Unable to read VR Path Registry from C:\Users\Kevin\AppData\Local\openvr\openvrpaths.vrpath
1533835372675	Marionette	INFO	Listening on port 64798
Unable to read VR Path Registry from C:\Users\Kevin\AppData\Local\openvr\openvrpaths.vrpath
1533835373208	Marionette	WARN	TLS certificate errors will be ignored for this session
1533835435715	geckodriver	INFO	geckodriver 0.18.0
1533835435723	geckodriver	INFO	Listening on 127.0.0.1:64838
1533835438904	geckodriver::marionette	INFO	Starting browser C:\Program Files\Mozilla Firefox\firefox.exe with args ["-marionette"]
Unable to read VR Path Registry from C:\Users\Kevin\AppData\Local\openvr\openvrpaths.vrpath
1533835440080	Marionette	INFO	Enabled via --marionette
Unable to read VR Path Registry from C:\Users\Kevin\AppData\Local\openvr\openvrpaths.vrpath
Unable to read VR Path Registry from C:\Users\Kevin\AppData\Local\openvr\openvrpaths.vrpath
Unable to read VR Path Registry from C:\Users\Kevin\AppData\Local\openvr\openvrpaths.vrpath
1533835442087	Marionette	INFO	Listening on port 64846
Unable to read VR Path Registry from C:\Users\Kevin\AppData\Local\openvr\openvrpaths.vrpath
1533835442594	Marionette	WARN	TLS certificate errors will be ignored for this session
1533835514632	geckodriver	INFO	geckodriver 0.18.0
1533835514641	geckodriver	INFO	Listening on 127.0.0.1:64886
1533835517790	geckodriver::marionette	INFO	Starting browser C:\Program Files\Mozilla Firefox\firefox.exe with args ["-marionette"]
Unable to read VR Path Registry from C:\Users\Kevin\AppData\Local\openvr\openvrpaths.vrpath
1533835518935	Marionette	INFO	Enabled via --marionette
Unable to read VR Path Registry from C:\Users\Kevin\AppData\Local\openvr\openvrpaths.vrpath
Unable to read VR Path Registry from C:\Users\Kevin\AppData\Local\openvr\openvrpaths.vrpath
Unable to read VR Path Registry from C:\Users\Kevin\AppData\Local\openvr\openvrpaths.vrpath
1533835520407	Marionette	INFO	Listening on port 64896
Unable to read VR Path Registry from C:\Users\Kevin\AppData\Local\openvr\openvrpaths.vrpath
1533835520986	Marionette	WARN	TLS certificate errors will be ignored for this session
1533835610642	geckodriver	INFO	geckodriver 0.18.0
1533835610651	geckodriver	INFO	Listening on 127.0.0.1:64941
1533835613820	geckodriver::marionette	INFO	Starting browser C:\Program Files\Mozilla Firefox\firefox.exe with args ["-marionette"]
Unable to read VR Path Registry from C:\Users\Kevin\AppData\Local\openvr\openvrpaths.vrpath
1533835614949	Marionette	INFO	Enabled via --marionette
Unable to read VR Path Registry from C:\Users\Kevin\AppData\Local\openvr\openvrpaths.vrpath
Unable to read VR Path Registry from C:\Users\Kevin\AppData\Local\openvr\openvrpaths.vrpath
Unable to read VR Path Registry from C:\Users\Kevin\AppData\Local\openvr\openvrpaths.vrpath
1533835616420	Marionette	INFO	Listening on port 64949
Unable to read VR Path Registry from C:\Users\Kevin\AppData\Local\openvr\openvrpaths.vrpath
1533835616999	Marionette	WARN	TLS certificate errors will be ignored for this session
[GFX1-]: Receive IPC close with reason=AbnormalShutdown
1533835757431	geckodriver	INFO	geckodriver 0.18.0
1533835757439	geckodriver	INFO	Listening on 127.0.0.1:64997
1533835760574	geckodriver::marionette	INFO	Starting browser C:\Program Files\Mozilla Firefox\firefox.exe with args ["-marionette"]
Unable to read VR Path Registry from C:\Users\Kevin\AppData\Local\openvr\openvrpaths.vrpath
1533835761723	Marionette	INFO	Enabled via --marionette
Unable to read VR Path Registry from C:\Users\Kevin\AppData\Local\openvr\openvrpaths.vrpath
Unable to read VR Path Registry from C:\Users\Kevin\AppData\Local\openvr\openvrpaths.vrpath
Unable to read VR Path Registry from C:\Users\Kevin\AppData\Local\openvr\openvrpaths.vrpath
1533835763300	Marionette	INFO	Listening on port 65005
Unable to read VR Path Registry from C:\Users\Kevin\AppData\Local\openvr\openvrpaths.vrpath
1533835763760	Marionette	WARN	TLS certificate errors will be ignored for this session
[GFX1-]: Receive IPC close with reason=AbnormalShutdown
1533888873460	geckodriver	INFO	geckodriver 0.18.0
1533888873469	geckodriver	INFO	Listening on 127.0.0.1:50111
1533888876579	geckodriver::marionette	INFO	Starting browser C:\Program Files\Mozilla Firefox\firefox.exe with args ["-marionette"]
Unable to read VR Path Registry from C:\Users\Kevin\AppData\Local\openvr\openvrpaths.vrpath
1533888878032	Marionette	INFO	Enabled via --marionette
Unable to read VR Path Registry from C:\Users\Kevin\AppData\Local\openvr\openvrpaths.vrpath
Unable to read VR Path Registry from C:\Users\Kevin\AppData\Local\openvr\openvrpaths.vrpath
Unable to read VR Path Registry from C:\Users\Kevin\AppData\Local\openvr\openvrpaths.vrpath
Unable to read VR Path Registry from C:\Users\Kevin\AppData\Local\openvr\openvrpaths.vrpath
1533888879683	Marionette	INFO	Listening on port 50119
1533888879765	Marionette	WARN	TLS certificate errors will be ignored for this session
[Child 15008, Chrome_ChildThread] WARNING: pipe error: 109: file z:/build/build/src/ipc/chromium/src/chrome/common/ipc_channel_win.cc, line 346
1533888917396	geckodriver	INFO	geckodriver 0.18.0
1533888917404	geckodriver	INFO	Listening on 127.0.0.1:50156
1533888920519	geckodriver::marionette	INFO	Starting browser C:\Program Files\Mozilla Firefox\firefox.exe with args ["-marionette"]
Unable to read VR Path Registry from C:\Users\Kevin\AppData\Local\openvr\openvrpaths.vrpath
1533888921635	Marionette	INFO	Enabled via --marionette
Unable to read VR Path Registry from C:\Users\Kevin\AppData\Local\openvr\openvrpaths.vrpath
Unable to read VR Path Registry from C:\Users\Kevin\AppData\Local\openvr\openvrpaths.vrpath
Unable to read VR Path Registry from C:\Users\Kevin\AppData\Local\openvr\openvrpaths.vrpath
1533888923162	Marionette	INFO	Listening on port 50165
Unable to read VR Path Registry from C:\Users\Kevin\AppData\Local\openvr\openvrpaths.vrpath
1533888923700	Marionette	WARN	TLS certificate errors will be ignored for this session
1533889231935	geckodriver	INFO	geckodriver 0.18.0
1533889231943	geckodriver	INFO	Listening on 127.0.0.1:50260
1533889235080	geckodriver::marionette	INFO	Starting browser C:\Program Files\Mozilla Firefox\firefox.exe with args ["-marionette"]
Unable to read VR Path Registry from C:\Users\Kevin\AppData\Local\openvr\openvrpaths.vrpath
1533889236233	Marionette	INFO	Enabled via --marionette
Unable to read VR Path Registry from C:\Users\Kevin\AppData\Local\openvr\openvrpaths.vrpath
Unable to read VR Path Registry from C:\Users\Kevin\AppData\Local\openvr\openvrpaths.vrpath
Unable to read VR Path Registry from C:\Users\Kevin\AppData\Local\openvr\openvrpaths.vrpath
1533889237874	Marionette	INFO	Listening on port 50268
Unable to read VR Path Registry from C:\Users\Kevin\AppData\Local\openvr\openvrpaths.vrpath
1533889238266	Marionette	WARN	TLS certificate errors will be ignored for this session
[GFX1-]: Receive IPC close with reason=AbnormalShutdown
[GFX1-]: Receive IPC close with reason=AbnormalShutdown
1533889384264	geckodriver	INFO	geckodriver 0.18.0
1533889384272	geckodriver	INFO	Listening on 127.0.0.1:50325
1533889387412	geckodriver::marionette	INFO	Starting browser C:\Program Files\Mozilla Firefox\firefox.exe with args ["-marionette"]
Unable to read VR Path Registry from C:\Users\Kevin\AppData\Local\openvr\openvrpaths.vrpath
1533889388587	Marionette	INFO	Enabled via --marionette
Unable to read VR Path Registry from C:\Users\Kevin\AppData\Local\openvr\openvrpaths.vrpath
Unable to read VR Path Registry from C:\Users\Kevin\AppData\Local\openvr\openvrpaths.vrpath
Unable to read VR Path Registry from C:\Users\Kevin\AppData\Local\openvr\openvrpaths.vrpath
1533889390310	Marionette	INFO	Listening on port 50333
Unable to read VR Path Registry from C:\Users\Kevin\AppData\Local\openvr\openvrpaths.vrpath
1533889390594	Marionette	WARN	TLS certificate errors will be ignored for this session
1533889654941	geckodriver	INFO	geckodriver 0.18.0
1533889654949	geckodriver	INFO	Listening on 127.0.0.1:50412
1533889658068	geckodriver::marionette	INFO	Starting browser C:\Program Files\Mozilla Firefox\firefox.exe with args ["-marionette"]
Unable to read VR Path Registry from C:\Users\Kevin\AppData\Local\openvr\openvrpaths.vrpath
1533889659210	Marionette	INFO	Enabled via --marionette
Unable to read VR Path Registry from C:\Users\Kevin\AppData\Local\openvr\openvrpaths.vrpath
Unable to read VR Path Registry from C:\Users\Kevin\AppData\Local\openvr\openvrpaths.vrpath
Unable to read VR Path Registry from C:\Users\Kevin\AppData\Local\openvr\openvrpaths.vrpath
1533889660718	Marionette	INFO	Listening on port 50420
Unable to read VR Path Registry from C:\Users\Kevin\AppData\Local\openvr\openvrpaths.vrpath
1533889661251	Marionette	WARN	TLS certificate errors will be ignored for this session
[GFX1-]: Receive IPC close with reason=AbnormalShutdown
[GFX1-]: Receive IPC close with reason=AbnormalShutdown
1533890864389	geckodriver	INFO	geckodriver 0.18.0
1533890864398	geckodriver	INFO	Listening on 127.0.0.1:50589
1533890867572	geckodriver::marionette	INFO	Starting browser C:\Program Files\Mozilla Firefox\firefox.exe with args ["-marionette"]
Unable to read VR Path Registry from C:\Users\Kevin\AppData\Local\openvr\openvrpaths.vrpath
1533890869223	Marionette	INFO	Enabled via --marionette
Unable to read VR Path Registry from C:\Users\Kevin\AppData\Local\openvr\openvrpaths.vrpath
Unable to read VR Path Registry from C:\Users\Kevin\AppData\Local\openvr\openvrpaths.vrpath
Unable to read VR Path Registry from C:\Users\Kevin\AppData\Local\openvr\openvrpaths.vrpath
1533890870742	Marionette	INFO	Listening on port 50597
Unable to read VR Path Registry from C:\Users\Kevin\AppData\Local\openvr\openvrpaths.vrpath
1533890871206	Marionette	WARN	TLS certificate errors will be ignored for this session
1533890989265	geckodriver	INFO	geckodriver 0.18.0
1533890989273	geckodriver	INFO	Listening on 127.0.0.1:50643
1533890992452	geckodriver::marionette	INFO	Starting browser C:\Program Files\Mozilla Firefox\firefox.exe with args ["-marionette"]
Unable to read VR Path Registry from C:\Users\Kevin\AppData\Local\openvr\openvrpaths.vrpath
1533890993619	Marionette	INFO	Enabled via --marionette
Unable to read VR Path Registry from C:\Users\Kevin\AppData\Local\openvr\openvrpaths.vrpath
Unable to read VR Path Registry from C:\Users\Kevin\AppData\Local\openvr\openvrpaths.vrpath
Unable to read VR Path Registry from C:\Users\Kevin\AppData\Local\openvr\openvrpaths.vrpath
1533890995259	Marionette	INFO	Listening on port 50651
Unable to read VR Path Registry from C:\Users\Kevin\AppData\Local\openvr\openvrpaths.vrpath
1533890995642	Marionette	WARN	TLS certificate errors will be ignored for this session
[GFX1-]: Receive IPC close with reason=AbnormalShutdown
1533891018296	geckodriver	INFO	geckodriver 0.18.0
1533891018305	geckodriver	INFO	Listening on 127.0.0.1:50694
1533891021446	geckodriver::marionette	INFO	Starting browser C:\Program Files\Mozilla Firefox\firefox.exe with args ["-marionette"]
Unable to read VR Path Registry from C:\Users\Kevin\AppData\Local\openvr\openvrpaths.vrpath
1533891022558	Marionette	INFO	Enabled via --marionette
Unable to read VR Path Registry from C:\Users\Kevin\AppData\Local\openvr\openvrpaths.vrpath
Unable to read VR Path Registry from C:\Users\Kevin\AppData\Local\openvr\openvrpaths.vrpath
Unable to read VR Path Registry from C:\Users\Kevin\AppData\Local\openvr\openvrpaths.vrpath
1533891024137	Marionette	INFO	Listening on port 50702
Unable to read VR Path Registry from C:\Users\Kevin\AppData\Local\openvr\openvrpaths.vrpath
1533891024632	Marionette	WARN	TLS certificate errors will be ignored for this session
1533891272090	geckodriver	INFO	geckodriver 0.18.0
1533891272099	geckodriver	INFO	Listening on 127.0.0.1:50770
1533891275314	geckodriver::marionette	INFO	Starting browser C:\Program Files\Mozilla Firefox\firefox.exe with args ["-marionette"]
Unable to read VR Path Registry from C:\Users\Kevin\AppData\Local\openvr\openvrpaths.vrpath
1533891276521	Marionette	INFO	Enabled via --marionette
Unable to read VR Path Registry from C:\Users\Kevin\AppData\Local\openvr\openvrpaths.vrpath
Unable to read VR Path Registry from C:\Users\Kevin\AppData\Local\openvr\openvrpaths.vrpath
Unable to read VR Path Registry from C:\Users\Kevin\AppData\Local\openvr\openvrpaths.vrpath
1533891278172	Marionette	INFO	Listening on port 50778
Unable to read VR Path Registry from C:\Users\Kevin\AppData\Local\openvr\openvrpaths.vrpath
1533891278516	Marionette	WARN	TLS certificate errors will be ignored for this session
[GFX1-]: Receive IPC close with reason=AbnormalShutdown
1533891373987	geckodriver	INFO	geckodriver 0.18.0
1533891373995	geckodriver	INFO	Listening on 127.0.0.1:50828
1533891377113	geckodriver::marionette	INFO	Starting browser C:\Program Files\Mozilla Firefox\firefox.exe with args ["-marionette"]
Unable to read VR Path Registry from C:\Users\Kevin\AppData\Local\openvr\openvrpaths.vrpath
1533891378288	Marionette	INFO	Enabled via --marionette
Unable to read VR Path Registry from C:\Users\Kevin\AppData\Local\openvr\openvrpaths.vrpath
Unable to read VR Path Registry from C:\Users\Kevin\AppData\Local\openvr\openvrpaths.vrpath
Unable to read VR Path Registry from C:\Users\Kevin\AppData\Local\openvr\openvrpaths.vrpath
1533891379836	Marionette	INFO	Listening on port 50836
Unable to read VR Path Registry from C:\Users\Kevin\AppData\Local\openvr\openvrpaths.vrpath
1533891380301	Marionette	WARN	TLS certificate errors will be ignored for this session
[GFX1-]: Receive IPC close with reason=AbnormalShutdown
[GFX1-]: Receive IPC close with reason=AbnormalShutdown
1533891385739	geckodriver	INFO	geckodriver 0.18.0
1533891385747	geckodriver	INFO	Listening on 127.0.0.1:50878
1533891388874	geckodriver::marionette	INFO	Starting browser C:\Program Files\Mozilla Firefox\firefox.exe with args ["-marionette"]
Unable to read VR Path Registry from C:\Users\Kevin\AppData\Local\openvr\openvrpaths.vrpath
1533891390056	Marionette	INFO	Enabled via --marionette
Unable to read VR Path Registry from C:\Users\Kevin\AppData\Local\openvr\openvrpaths.vrpath
Unable to read VR Path Registry from C:\Users\Kevin\AppData\Local\openvr\openvrpaths.vrpath
Unable to read VR Path Registry from C:\Users\Kevin\AppData\Local\openvr\openvrpaths.vrpath
1533891391644	Marionette	INFO	Listening on port 50886
Unable to read VR Path Registry from C:\Users\Kevin\AppData\Local\openvr\openvrpaths.vrpath
1533891392057	Marionette	WARN	TLS certificate errors will be ignored for this session
[GFX1-]: Receive IPC close with reason=AbnormalShutdown
1533891470470	geckodriver	INFO	geckodriver 0.18.0
1533891470478	geckodriver	INFO	Listening on 127.0.0.1:50932
1533891473588	geckodriver::marionette	INFO	Starting browser C:\Program Files\Mozilla Firefox\firefox.exe with args ["-marionette"]
Unable to read VR Path Registry from C:\Users\Kevin\AppData\Local\openvr\openvrpaths.vrpath
1533891474756	Marionette	INFO	Enabled via --marionette
Unable to read VR Path Registry from C:\Users\Kevin\AppData\Local\openvr\openvrpaths.vrpath
Unable to read VR Path Registry from C:\Users\Kevin\AppData\Local\openvr\openvrpaths.vrpath
Unable to read VR Path Registry from C:\Users\Kevin\AppData\Local\openvr\openvrpaths.vrpath
1533891476440	Marionette	INFO	Listening on port 50940
Unable to read VR Path Registry from C:\Users\Kevin\AppData\Local\openvr\openvrpaths.vrpath
1533891476770	Marionette	WARN	TLS certificate errors will be ignored for this session
1533891542462	geckodriver	INFO	geckodriver 0.18.0
1533891542470	geckodriver	INFO	Listening on 127.0.0.1:50985
1533891545634	geckodriver::marionette	INFO	Starting browser C:\Program Files\Mozilla Firefox\firefox.exe with args ["-marionette"]
Unable to read VR Path Registry from C:\Users\Kevin\AppData\Local\openvr\openvrpaths.vrpath
1533891546771	Marionette	INFO	Enabled via --marionette
Unable to read VR Path Registry from C:\Users\Kevin\AppData\Local\openvr\openvrpaths.vrpath
Unable to read VR Path Registry from C:\Users\Kevin\AppData\Local\openvr\openvrpaths.vrpath
Unable to read VR Path Registry from C:\Users\Kevin\AppData\Local\openvr\openvrpaths.vrpath
1533891548272	Marionette	INFO	Listening on port 50993
Unable to read VR Path Registry from C:\Users\Kevin\AppData\Local\openvr\openvrpaths.vrpath
1533891548827	Marionette	WARN	TLS certificate errors will be ignored for this session
[GFX1-]: Receive IPC close with reason=AbnormalShutdown
1533891809492	geckodriver	INFO	geckodriver 0.18.0
1533891809501	geckodriver	INFO	Listening on 127.0.0.1:51064
1533891812634	geckodriver::marionette	INFO	Starting browser C:\Program Files\Mozilla Firefox\firefox.exe with args ["-marionette"]
Unable to read VR Path Registry from C:\Users\Kevin\AppData\Local\openvr\openvrpaths.vrpath
1533891813800	Marionette	INFO	Enabled via --marionette
Unable to read VR Path Registry from C:\Users\Kevin\AppData\Local\openvr\openvrpaths.vrpath
Unable to read VR Path Registry from C:\Users\Kevin\AppData\Local\openvr\openvrpaths.vrpath
Unable to read VR Path Registry from C:\Users\Kevin\AppData\Local\openvr\openvrpaths.vrpath
1533891815311	Marionette	INFO	Listening on port 51072
Unable to read VR Path Registry from C:\Users\Kevin\AppData\Local\openvr\openvrpaths.vrpath
1533891815822	Marionette	WARN	TLS certificate errors will be ignored for this session
[GFX1-]: Receive IPC close with reason=AbnormalShutdown
